<?xml version="1.0" encoding="UTF-8"?>
<testsuite name="censusanalyser.USAnalyserTest" tests="5" skipped="0" failures="0" errors="0" timestamp="2019-12-14T03:50:02" hostname="admin1-LIVA-Z2V" time="0.984">
  <properties/>
  <testcase name="givenUSCSVFile_WhenHeaderNotAvailable_ThrowsException" classname="censusanalyser.USAnalyserTest" time="0.218"/>
  <testcase name="givenUSCensusCSVFile_ReturnsCorrectRecords" classname="censusanalyser.USAnalyserTest" time="0.73"/>
  <testcase name="givenUSCSVFile_WhenPassEmptyFile_ThrowsException" classname="censusanalyser.USAnalyserTest" time="0.002"/>
  <testcase name="givenUSCensusData_WithWrongFile_ShouldThrowException" classname="censusanalyser.USAnalyserTest" time="0.008"/>
  <testcase name="givenUSCensusData_WithWrongDelimiter_ShouldThrowException" classname="censusanalyser.USAnalyserTest" time="0.005"/>
  <system-out><![CDATA[]]></system-out>
  <system-err><![CDATA[]]></system-err>
</testsuite>
